\BOOKMARK [1][-]{section.1}{Introduction}{}% 1
\BOOKMARK [1][-]{section.2}{Data}{}% 2
\BOOKMARK [2][-]{subsection.2.1}{Galaxy Data Retrieval}{section.2}% 3
\BOOKMARK [2][-]{subsection.2.2}{Distances \046 Velocities}{section.2}% 4
\BOOKMARK [1][-]{section.3}{The Catalog}{}% 5
\BOOKMARK [2][-]{subsection.3.1}{Name}{section.3}% 6
\BOOKMARK [2][-]{subsection.3.2}{NEDname}{section.3}% 7
\BOOKMARK [2][-]{subsection.3.3}{z}{section.3}% 8
\BOOKMARK [2][-]{subsection.3.4}{RAdeg}{section.3}% 9
\BOOKMARK [2][-]{subsection.3.5}{DEdeg}{section.3}% 10
\BOOKMARK [2][-]{subsection.3.6}{RAh}{section.3}% 11
\BOOKMARK [2][-]{subsection.3.7}{RAm}{section.3}% 12
\BOOKMARK [2][-]{subsection.3.8}{RAs}{section.3}% 13
\BOOKMARK [2][-]{subsection.3.9}{DE-}{section.3}% 14
\BOOKMARK [2][-]{subsection.3.10}{DEd}{section.3}% 15
\BOOKMARK [2][-]{subsection.3.11}{DEm}{section.3}% 16
\BOOKMARK [2][-]{subsection.3.12}{DEs}{section.3}% 17
\BOOKMARK [2][-]{subsection.3.13}{GLON}{section.3}% 18
\BOOKMARK [2][-]{subsection.3.14}{GLAT}{section.3}% 19
\BOOKMARK [2][-]{subsection.3.15}{Vhel}{section.3}% 20
\BOOKMARK [2][-]{subsection.3.16}{vcorr}{section.3}% 21
\BOOKMARK [2][-]{subsection.3.17}{distvcorr}{section.3}% 22
\BOOKMARK [2][-]{subsection.3.18}{RID\137mean}{section.3}% 23
\BOOKMARK [2][-]{subsection.3.19}{RID\137median}{section.3}% 24
\BOOKMARK [2][-]{subsection.3.20}{RID\137std}{section.3}% 25
\BOOKMARK [2][-]{subsection.3.21}{RID\137min}{section.3}% 26
\BOOKMARK [2][-]{subsection.3.22}{RID\137max}{section.3}% 27
\BOOKMARK [2][-]{subsection.3.23}{bestDist}{section.3}% 28
\BOOKMARK [2][-]{subsection.3.24}{e\137bestDist}{section.3}% 29
\BOOKMARK [2][-]{subsection.3.25}{MajDiam\137ang}{section.3}% 30
\BOOKMARK [2][-]{subsection.3.26}{MinDiam\137ang}{section.3}% 31
\BOOKMARK [2][-]{subsection.3.27}{e\137MajDiamang}{section.3}% 32
\BOOKMARK [2][-]{subsection.3.28}{e\137MinDiamang}{section.3}% 33
\BOOKMARK [2][-]{subsection.3.29}{MajDiam}{section.3}% 34
\BOOKMARK [2][-]{subsection.3.30}{MinDiam}{section.3}% 35
\BOOKMARK [2][-]{subsection.3.31}{e\137MajDiam}{section.3}% 36
\BOOKMARK [2][-]{subsection.3.32}{e\137MinDiam}{section.3}% 37
\BOOKMARK [2][-]{subsection.3.33}{R\137vir}{section.3}% 38
\BOOKMARK [2][-]{subsection.3.34}{inc}{section.3}% 39
\BOOKMARK [2][-]{subsection.3.35}{adjustedInc}{section.3}% 40
\BOOKMARK [2][-]{subsection.3.36}{incErr}{section.3}% 41
\BOOKMARK [2][-]{subsection.3.37}{PA}{section.3}% 42
\BOOKMARK [2][-]{subsection.3.38}{diam\137key}{section.3}% 43
\BOOKMARK [2][-]{subsection.3.39}{ratio\137key}{section.3}% 44
\BOOKMARK [2][-]{subsection.3.40}{pa\137key}{section.3}% 45
\BOOKMARK [2][-]{subsection.3.41}{RC3\137type}{section.3}% 46
